<?xml version="1.0" encoding="UTF-8"?>
<!-- Generated by org.testng.reporters.JUnitReportReporter -->
<testsuite skipped="0" hostname="DESKTOP-10URQEE" name="com.w2a.testcases.SignInTest" tests="1" failures="0" timestamp="24 Apr 2019 07:34:45 GMT" time="58.913" errors="0">
  <testcase name="signInTest" time="58.913" classname="com.w2a.testcases.SignInTest"/>
</testsuite> <!-- com.w2a.testcases.SignInTest -->
