<?xml version="1.0" encoding="UTF-8"?>
<!-- Generated by org.testng.reporters.JUnitReportReporter -->
<testsuite skipped="0" hostname="DESKTOP-10URQEE" name="runner.RunCuke" tests="2" failures="0" timestamp="08 May 2019 06:18:22 GMT" time="132.170" errors="0">
  <testcase name="runScenario" time="65.756" classname="runner.RunCuke"/>
  <testcase name="runScenario" time="66.414" classname="runner.RunCuke"/>
</testsuite> <!-- runner.RunCuke -->
