<?xml version="1.0" encoding="UTF-8"?>
<!-- Generated by org.testng.reporters.JUnitReportReporter -->
<testsuite skipped="0" hostname="DESKTOP-10URQEE" name="com.w2a.testcases.CreateAccountTest" tests="1" failures="0" timestamp="20 Apr 2019 05:49:08 GMT" time="27.445" errors="0">
  <testcase name="createAccountTest" time="27.445" classname="com.w2a.testcases.CreateAccountTest"/>
</testsuite> <!-- com.w2a.testcases.CreateAccountTest -->
