<?xml version="1.0" encoding="UTF-8"?>
<!-- Generated by org.testng.reporters.JUnitReportReporter -->
<testsuite skipped="0" hostname="DESKTOP-10URQEE" name="com.w2a.suite.bankmanager.test.AddCustomerTest" tests="3" failures="0" timestamp="13 Apr 2019 05:21:40 GMT" time="86.147" errors="0">
  <testcase name="addCustomerTest" time="37.052" classname="com.w2a.suite.bankmanager.test.AddCustomerTest"/>
  <testcase name="addCustomerTest" time="24.413" classname="com.w2a.suite.bankmanager.test.AddCustomerTest"/>
  <testcase name="addCustomerTest" time="24.682" classname="com.w2a.suite.bankmanager.test.AddCustomerTest"/>
</testsuite> <!-- com.w2a.suite.bankmanager.test.AddCustomerTest -->
