<?xml version="1.0" encoding="UTF-8"?>
<!-- Generated by org.testng.reporters.JUnitReportReporter -->
<testsuite skipped="0" hostname="DESKTOP-10URQEE" name="com.w2a.suite.bankmanager.test.OpenAccountTest" tests="4" failures="0" timestamp="10 Apr 2019 06:30:58 GMT" time="0.353" errors="0">
  <testcase name="openAccountTest" time="0.077" classname="com.w2a.suite.bankmanager.test.OpenAccountTest"/>
  <testcase name="openAccountTest" time="0.083" classname="com.w2a.suite.bankmanager.test.OpenAccountTest"/>
  <testcase name="openAccountTest" time="0.120" classname="com.w2a.suite.bankmanager.test.OpenAccountTest"/>
  <testcase name="openAccountTest" time="0.073" classname="com.w2a.suite.bankmanager.test.OpenAccountTest"/>
</testsuite> <!-- com.w2a.suite.bankmanager.test.OpenAccountTest -->
