<?xml version="1.0" encoding="UTF-8"?>
<!-- Generated by org.testng.reporters.JUnitReportReporter -->
<testsuite skipped="1" hostname="DESKTOP-10URQEE" name="com.w2a.suite.customer.test.AddCustomerTest" tests="4" failures="0" timestamp="10 Apr 2019 06:30:58 GMT" time="0.726" errors="0">
  <testcase name="addCustomerTest" time="0.243" classname="com.w2a.suite.customer.test.AddCustomerTest"/>
  <testcase name="addCustomerTest" time="0.174" classname="com.w2a.suite.customer.test.AddCustomerTest">
    <skipped/>
  </testcase> <!-- addCustomerTest -->
  <testcase name="addCustomerTest" time="0.222" classname="com.w2a.suite.customer.test.AddCustomerTest"/>
  <testcase name="addCustomerTest" time="0.087" classname="com.w2a.suite.customer.test.AddCustomerTest"/>
</testsuite> <!-- com.w2a.suite.customer.test.AddCustomerTest -->
