<?xml version="1.0" encoding="UTF-8"?>
<!-- Generated by org.testng.reporters.JUnitReportReporter -->
<testsuite skipped="0" hostname="DESKTOP-10URQEE" name="com.w2a.suite.bankmanager.test.AddCustomerTest" tests="4" failures="0" timestamp="10 Apr 2019 06:30:58 GMT" time="0.448" errors="0">
  <testcase name="addCustomerTest" time="0.104" classname="com.w2a.suite.bankmanager.test.AddCustomerTest"/>
  <testcase name="addCustomerTest" time="0.102" classname="com.w2a.suite.bankmanager.test.AddCustomerTest"/>
  <testcase name="addCustomerTest" time="0.090" classname="com.w2a.suite.bankmanager.test.AddCustomerTest"/>
  <testcase name="addCustomerTest" time="0.152" classname="com.w2a.suite.bankmanager.test.AddCustomerTest"/>
</testsuite> <!-- com.w2a.suite.bankmanager.test.AddCustomerTest -->
