<?xml version="1.0" encoding="UTF-8"?>
<!-- Generated by org.testng.reporters.JUnitReportReporter -->
<testsuite skipped="4" hostname="DESKTOP-10URQEE" name="com.w2a.suite.customer.test.OpenAccountTest" tests="4" failures="0" timestamp="10 Apr 2019 06:30:58 GMT" time="0.278" errors="0">
  <testcase name="openAccountTest" time="0.077" classname="com.w2a.suite.customer.test.OpenAccountTest">
    <skipped/>
  </testcase> <!-- openAccountTest -->
  <testcase name="openAccountTest" time="0.075" classname="com.w2a.suite.customer.test.OpenAccountTest">
    <skipped/>
  </testcase> <!-- openAccountTest -->
  <testcase name="openAccountTest" time="0.072" classname="com.w2a.suite.customer.test.OpenAccountTest">
    <skipped/>
  </testcase> <!-- openAccountTest -->
  <testcase name="openAccountTest" time="0.054" classname="com.w2a.suite.customer.test.OpenAccountTest">
    <skipped/>
  </testcase> <!-- openAccountTest -->
</testsuite> <!-- com.w2a.suite.customer.test.OpenAccountTest -->
