<?xml version="1.0" encoding="UTF-8"?>
<!-- Generated by org.testng.reporters.JUnitReportReporter -->
<testsuite skipped="0" hostname="DESKTOP-10URQEE" name="utilities.TestParameterization" tests="4" failures="0" timestamp="10 Apr 2019 03:42:21 GMT" time="0.082" errors="0">
  <testcase name="testData" time="0.003" classname="utilities.TestParameterization"/>
  <testcase name="testData" time="0.076" classname="utilities.TestParameterization"/>
  <testcase name="testData" time="0.001" classname="utilities.TestParameterization"/>
  <testcase name="testData" time="0.002" classname="utilities.TestParameterization"/>
</testsuite> <!-- utilities.TestParameterization -->
